0 info it worked if it ends with ok
1 verbose cli [ '/Users/kuzzmi/local/bin/node',
1 verbose cli   '/Users/kuzzmi/local/bin/npm',
1 verbose cli   'install',
1 verbose cli   '--save',
1 verbose cli   'node-cron' ]
2 info using npm@1.4.28
3 info using node@v0.10.33
4 warn package.json ansi-color@0.2.1 'repositories' (plural) Not supported. Please pick one as the 'repository' field
5 verbose readDependencies using package.json deps
6 verbose cache add [ 'node-cron', null ]
7 verbose cache add name=undefined spec="node-cron" args=["node-cron",null]
8 verbose parsed url { protocol: null,
8 verbose parsed url   slashes: null,
8 verbose parsed url   auth: null,
8 verbose parsed url   host: null,
8 verbose parsed url   port: null,
8 verbose parsed url   hostname: null,
8 verbose parsed url   hash: null,
8 verbose parsed url   search: null,
8 verbose parsed url   query: null,
8 verbose parsed url   pathname: 'node-cron',
8 verbose parsed url   path: 'node-cron',
8 verbose parsed url   href: 'node-cron' }
9 silly lockFile 7f071c36-node-cron node-cron
10 verbose lock node-cron /Users/kuzzmi/.npm/7f071c36-node-cron.lock
11 silly lockFile 7f071c36-node-cron node-cron
12 silly lockFile 7f071c36-node-cron node-cron
13 verbose addNamed [ 'node-cron', '' ]
14 verbose addNamed [ null, '*' ]
15 silly lockFile 4b1aaa17-node-cron node-cron@
16 verbose lock node-cron@ /Users/kuzzmi/.npm/4b1aaa17-node-cron.lock
17 silly addNameRange { name: 'node-cron', range: '*', hasData: false }
18 verbose request where is /node-cron
19 verbose request registry https://registry.npmjs.org/
20 verbose request id 8444dacc9987a9eb
21 verbose url raw /node-cron
22 verbose url resolving [ 'https://registry.npmjs.org/', './node-cron' ]
23 verbose url resolved https://registry.npmjs.org/node-cron
24 verbose request where is https://registry.npmjs.org/node-cron
25 info trying registry request attempt 1 at 16:06:17
26 http GET https://registry.npmjs.org/node-cron
27 http 404 https://registry.npmjs.org/node-cron
28 verbose headers { date: 'Sun, 15 Feb 2015 15:06:20 GMT',
28 verbose headers   server: 'CouchDB/1.6.1 (Erlang OTP/R14B04)',
28 verbose headers   'content-type': 'application/json',
28 verbose headers   'cache-control': 'max-age=0',
28 verbose headers   'content-length': '52',
28 verbose headers   'accept-ranges': 'bytes',
28 verbose headers   via: '1.1 varnish',
28 verbose headers   age: '0',
28 verbose headers   'x-served-by': 'cache-fra1233-FRA',
28 verbose headers   'x-cache': 'MISS',
28 verbose headers   'x-cache-hits': '0',
28 verbose headers   'x-timer': 'S1424012780.358318,VS0,VE432',
28 verbose headers   'keep-alive': 'timeout=10, max=50',
28 verbose headers   connection: 'Keep-Alive' }
29 silly registry.get cb [ 404,
29 silly registry.get   { date: 'Sun, 15 Feb 2015 15:06:20 GMT',
29 silly registry.get     server: 'CouchDB/1.6.1 (Erlang OTP/R14B04)',
29 silly registry.get     'content-type': 'application/json',
29 silly registry.get     'cache-control': 'max-age=0',
29 silly registry.get     'content-length': '52',
29 silly registry.get     'accept-ranges': 'bytes',
29 silly registry.get     via: '1.1 varnish',
29 silly registry.get     age: '0',
29 silly registry.get     'x-served-by': 'cache-fra1233-FRA',
29 silly registry.get     'x-cache': 'MISS',
29 silly registry.get     'x-cache-hits': '0',
29 silly registry.get     'x-timer': 'S1424012780.358318,VS0,VE432',
29 silly registry.get     'keep-alive': 'timeout=10, max=50',
29 silly registry.get     connection: 'Keep-Alive' } ]
30 silly lockFile 4b1aaa17-node-cron node-cron@
31 silly lockFile 4b1aaa17-node-cron node-cron@
32 error 404 404 Not Found: node-cron
32 error 404
32 error 404 'node-cron' is not in the npm registry.
32 error 404 You should bug the author to publish it
32 error 404 It was specified as a dependency of 'eve'
32 error 404
32 error 404 Maybe try 'npm search cron'
32 error 404
32 error 404 Note that you can also install from a
32 error 404 tarball, folder, or http url, or git url.
33 error System Darwin 13.4.0
34 error command "/Users/kuzzmi/local/bin/node" "/Users/kuzzmi/local/bin/npm" "install" "--save" "node-cron"
35 error cwd /Users/kuzzmi/Projects/eve
36 error node -v v0.10.33
37 error npm -v 1.4.28
38 error code E404
39 verbose exit [ 1, true ]
